<?xml version="1.0" encoding="UTF-8"?>
<testsuite xmlns:xsi="http://www.w3.org/2001/XMLSchema-instance" xsi:noNamespaceSchemaLocation="https://maven.apache.org/surefire/maven-surefire-plugin/xsd/surefire-test-report.xsd" name="org.example.CalcTest" time="0.006" tests="1" errors="0" skipped="0" failures="0">
  <properties>
    <property name="sun.desktop" value="windows"/>
    <property name="awt.toolkit" value="sun.awt.windows.WToolkit"/>
    <property name="file.encoding.pkg" value="sun.io"/>
    <property name="java.specification.version" value="1.8"/>
    <property name="sun.cpu.isalist" value="amd64"/>
    <property name="sun.jnu.encoding" value="GBK"/>
    <property name="java.class.path" value="D:\softwareengineering\tu4.1\tutorial4\target\test-classes;D:\softwareengineering\tu4.1\tutorial4\target\classes;D:\softwareengineering\maven_repository\org\junit\jupiter\junit-jupiter-engine\5.4.0\junit-jupiter-engine-5.4.0.jar;D:\softwareengineering\maven_repository\org\apiguardian\apiguardian-api\1.0.0\apiguardian-api-1.0.0.jar;D:\softwareengineering\maven_repository\org\junit\platform\junit-platform-engine\1.4.0\junit-platform-engine-1.4.0.jar;D:\softwareengineering\maven_repository\org\opentest4j\opentest4j\1.1.1\opentest4j-1.1.1.jar;D:\softwareengineering\maven_repository\org\junit\platform\junit-platform-commons\1.4.0\junit-platform-commons-1.4.0.jar;D:\softwareengineering\maven_repository\org\junit\jupiter\junit-jupiter-api\5.4.0\junit-jupiter-api-5.4.0.jar;D:\softwareengineering\maven_repository\org\junit\jupiter\junit-jupiter\5.11.0\junit-jupiter-5.11.0.jar;D:\softwareengineering\maven_repository\org\junit\jupiter\junit-jupiter-params\5.11.0\junit-jupiter-params-5.11.0.jar;"/>
    <property name="java.vm.vendor" value="Oracle Corporation"/>
    <property name="sun.arch.data.model" value="64"/>
    <property name="user.variant" value=""/>
    <property name="java.vendor.url" value="http://java.oracle.com/"/>
    <property name="user.timezone" value="Asia/Shanghai"/>
    <property name="java.vm.specification.version" value="1.8"/>
    <property name="os.name" value="Windows 10"/>
    <property name="user.country" value="CN"/>
    <property name="sun.java.launcher" value="SUN_STANDARD"/>
    <property name="sun.boot.library.path" value="D:\ruanjian\java\jdk\jre\bin"/>
    <property name="sun.java.command" value="C:\Users\Ting\AppData\Local\Temp\surefire8783470322104917095\surefirebooter142121543331802561.jar C:\Users\Ting\AppData\Local\Temp\surefire8783470322104917095 2024-09-24T12-35-26_942-jvmRun1 surefire4439022672548738877tmp surefire_08544554911408145662tmp"/>
    <property name="surefire.test.class.path" value="D:\softwareengineering\tu4.1\tutorial4\target\test-classes;D:\softwareengineering\tu4.1\tutorial4\target\classes;D:\softwareengineering\maven_repository\org\junit\jupiter\junit-jupiter-engine\5.4.0\junit-jupiter-engine-5.4.0.jar;D:\softwareengineering\maven_repository\org\apiguardian\apiguardian-api\1.0.0\apiguardian-api-1.0.0.jar;D:\softwareengineering\maven_repository\org\junit\platform\junit-platform-engine\1.4.0\junit-platform-engine-1.4.0.jar;D:\softwareengineering\maven_repository\org\opentest4j\opentest4j\1.1.1\opentest4j-1.1.1.jar;D:\softwareengineering\maven_repository\org\junit\platform\junit-platform-commons\1.4.0\junit-platform-commons-1.4.0.jar;D:\softwareengineering\maven_repository\org\junit\jupiter\junit-jupiter-api\5.4.0\junit-jupiter-api-5.4.0.jar;D:\softwareengineering\maven_repository\org\junit\jupiter\junit-jupiter\5.11.0\junit-jupiter-5.11.0.jar;D:\softwareengineering\maven_repository\org\junit\jupiter\junit-jupiter-params\5.11.0\junit-jupiter-params-5.11.0.jar;"/>
    <property name="sun.cpu.endian" value="little"/>
    <property name="user.home" value="C:\Users\Ting"/>
    <property name="user.language" value="zh"/>
    <property name="java.specification.vendor" value="Oracle Corporation"/>
    <property name="java.home" value="D:\ruanjian\java\jdk\jre"/>
    <property name="basedir" value="D:\softwareengineering\tu4.1\tutorial4"/>
    <property name="file.separator" value="\"/>
    <property name="line.separator" value="&#10;"/>
    <property name="java.vm.specification.vendor" value="Oracle Corporation"/>
    <property name="java.specification.name" value="Java Platform API Specification"/>
    <property name="java.awt.graphicsenv" value="sun.awt.Win32GraphicsEnvironment"/>
    <property name="surefire.real.class.path" value="C:\Users\Ting\AppData\Local\Temp\surefire8783470322104917095\surefirebooter142121543331802561.jar"/>
    <property name="sun.boot.class.path" value="D:\ruanjian\java\jdk\jre\lib\resources.jar;D:\ruanjian\java\jdk\jre\lib\rt.jar;D:\ruanjian\java\jdk\jre\lib\sunrsasign.jar;D:\ruanjian\java\jdk\jre\lib\jsse.jar;D:\ruanjian\java\jdk\jre\lib\jce.jar;D:\ruanjian\java\jdk\jre\lib\charsets.jar;D:\ruanjian\java\jdk\jre\lib\jfr.jar;D:\ruanjian\java\jdk\jre\classes"/>
    <property name="user.script" value=""/>
    <property name="sun.management.compiler" value="HotSpot 64-Bit Tiered Compilers"/>
    <property name="java.runtime.version" value="1.8.0_202-b08"/>
    <property name="user.name" value="Ting"/>
    <property name="path.separator" value=";"/>
    <property name="os.version" value="10.0"/>
    <property name="java.endorsed.dirs" value="D:\ruanjian\java\jdk\jre\lib\endorsed"/>
    <property name="java.runtime.name" value="Java(TM) SE Runtime Environment"/>
    <property name="file.encoding" value="GBK"/>
    <property name="java.vm.name" value="Java HotSpot(TM) 64-Bit Server VM"/>
    <property name="localRepository" value="D:\softwareengineering\maven_repository"/>
    <property name="java.vendor.url.bug" value="http://bugreport.sun.com/bugreport/"/>
    <property name="java.io.tmpdir" value="C:\Users\Ting\AppData\Local\Temp\"/>
    <property name="java.version" value="1.8.0_202"/>
    <property name="user.dir" value="D:\softwareengineering\tu4.1\tutorial4"/>
    <property name="os.arch" value="amd64"/>
    <property name="java.vm.specification.name" value="Java Virtual Machine Specification"/>
    <property name="java.awt.printerjob" value="sun.awt.windows.WPrinterJob"/>
    <property name="sun.os.patch.level" value=""/>
    <property name="java.library.path" value="D:\ruanjian\java\jdk\jre\bin;C:\windows\Sun\Java\bin;C:\windows\system32;C:\windows;C:\Program Files (x86)\Common Files\Oracle\Java\java8path;C:\Program Files (x86)\Common Files\Oracle\Java\javapath;D:\ruanjian\openjdk\bin;C:\windows\system32;C:\windows;C:\windows\System32\Wbem;C:\windows\System32\WindowsPowerShell\v1.0\;C:\windows\System32\OpenSSH\;D:\ruanjian\MinGW\mingw64\bin;D:\ruanjian\maven\apache-maven-3.6.3\bin;C:\Program Files\Cloudflare\Cloudflare WARP\;C:\Program Files\dotnet\;D:\ruanjian\git\Git\cmd;D:\ruanjian\java\jdk\bin;D:\ruanjian\java\jdk\jre\bin;D:\ruanjian\maven\apache-maven-3.6.3\bin;D:\ruanjian\python\Scripts\;D:\ruanjian\python\;C:\Users\Ting\AppData\Local\Microsoft\WindowsApps;D:\ruanjian\vs code\Microsoft VS Code\bin;D:\ruanjian\pycharm\PyCharm Community Edition 2024.1.4\bin;;D:\ruanjian\maven\apache-maven-3.6.3\bin;;."/>
    <property name="java.vm.info" value="mixed mode"/>
    <property name="java.vendor" value="Oracle Corporation"/>
    <property name="java.vm.version" value="25.202-b08"/>
    <property name="java.ext.dirs" value="D:\ruanjian\java\jdk\jre\lib\ext;C:\windows\Sun\Java\lib\ext"/>
    <property name="sun.io.unicode.encoding" value="UnicodeLittle"/>
    <property name="java.class.version" value="52.0"/>
  </properties>
  <testcase name="testAddition" classname="org.example.CalcTest" time="0.003"/>
</testsuite>